<?xml version="1.0" encoding="UTF-8"?>
<testng-results skipped="0" failed="0" ignored="0" total="2" passed="2">
  <reporter-output>
  </reporter-output>
  <suite name="AutomationTest.BrightTalkTest.RunnerTest" duration-ms="16294" started-at="2019-12-16T20:08:35 IST" finished-at="2019-12-16T20:08:52 IST">
    <groups>
      <group name="cucumber">
        <method signature="RunnerTest.feature(cucumber.api.testng.CucumberFeatureWrapper)[pri:0, instance:AutomationTest.BrightTalkTest.RunnerTest@47ef968d]" name="feature" class="AutomationTest.BrightTalkTest.RunnerTest"/>
      </group> <!-- cucumber -->
    </groups>
    <test name="Command line test" duration-ms="16294" started-at="2019-12-16T20:08:35 IST" finished-at="2019-12-16T20:08:52 IST">
      <class name="AutomationTest.BrightTalkTest.RunnerTest">
        <test-method status="PASS" signature="setUpClass()[pri:0, instance:AutomationTest.BrightTalkTest.RunnerTest@47ef968d]" name="setUpClass" is-config="true" duration-ms="208" started-at="2019-12-16T20:08:35 IST" finished-at="2019-12-16T20:08:36 IST">
          <reporter-output>
          </reporter-output>
        </test-method> <!-- setUpClass -->
        <test-method status="PASS" signature="feature(cucumber.api.testng.CucumberFeatureWrapper)[pri:0, instance:AutomationTest.BrightTalkTest.RunnerTest@47ef968d]" name="feature" duration-ms="9745" started-at="2019-12-16T20:08:36 IST" description="Runs Cucumber Feature" data-provider="features" finished-at="2019-12-16T20:08:45 IST">
          <params>
            <param index="0">
              <value>
                <![CDATA[API test]]>
              </value>
            </param>
          </params>
          <reporter-output>
          </reporter-output>
        </test-method> <!-- feature -->
        <test-method status="PASS" signature="feature(cucumber.api.testng.CucumberFeatureWrapper)[pri:0, instance:AutomationTest.BrightTalkTest.RunnerTest@47ef968d]" name="feature" duration-ms="6115" started-at="2019-12-16T20:08:45 IST" description="Runs Cucumber Feature" data-provider="features" finished-at="2019-12-16T20:08:51 IST">
          <params>
            <param index="0">
              <value>
                <![CDATA[BrightTalk  Sample Test]]>
              </value>
            </param>
          </params>
          <reporter-output>
          </reporter-output>
        </test-method> <!-- feature -->
        <test-method status="PASS" signature="tearDownClass()[pri:0, instance:AutomationTest.BrightTalkTest.RunnerTest@47ef968d]" name="tearDownClass" is-config="true" duration-ms="124" started-at="2019-12-16T20:08:51 IST" finished-at="2019-12-16T20:08:52 IST">
          <reporter-output>
          </reporter-output>
        </test-method> <!-- tearDownClass -->
      </class> <!-- AutomationTest.BrightTalkTest.RunnerTest -->
    </test> <!-- Command line test -->
  </suite> <!-- AutomationTest.BrightTalkTest.RunnerTest -->
</testng-results>
